#
# A fatal error has been detected by the Java Runtime Environment:
#
#  EXCEPTION_ACCESS_VIOLATION (0xc0000005) at pc=0x00000000545b9535, pid=15932, tid=14484
#
# JRE version: Java(TM) SE Runtime Environment (8.0_20-b26) (build 1.8.0_20-b26)
# Java VM: Java HotSpot(TM) 64-Bit Server VM (25.20-b23 mixed mode windows-amd64 compressed oops)
# Problematic frame:
# V  [jvm.dll+0x119535]
#
# Failed to write core dump. Minidumps are not enabled by default on client versions of Windows
#
# If you would like to submit a bug report, please visit:
#   http://bugreport.sun.com/bugreport/crash.jsp
#

---------------  T H R E A D  ---------------

Current thread (0x0000000017081800):  JavaThread "JDWP Transport Listener: dt_socket" daemon [_thread_in_vm, id=14484, stack(0x00000000185d0000,0x00000000186d0000)]

siginfo: ExceptionCode=0xc0000005, reading address 0xffffffffffffffff

Registers:
RAX=0x00000000186cf101, RBX=0x0000000017081800, RCX=0xbd01000005010000, RDX=0x0000000000000000
RSP=0x00000000186cf1a0, RBP=0xbd01000005010000, RSI=0x00000000186cf2b8, RDI=0x00000000023f9f10
R8 =0x0000000017081800, R9 =0x00000000021d1140, R10=0x00000000021d00f0, R11=0x000000001a3b5420
R12=0x0000000000000000, R13=0x0000000017077308, R14=0x0000000000000000, R15=0x0000000000000000
RIP=0x00000000545b9535, EFLAGS=0x0000000000010286

Top of Stack: (sp=0x00000000186cf1a0)
0x00000000186cf1a0:   0000000017081800 0000000017081800
0x00000000186cf1b0:   00000000186cf268 00000000547b655b
0x00000000186cf1c0:   0000000017081800 00000000547d2dbd
0x00000000186cf1d0:   0000000000000000 0000000054439149
0x00000000186cf1e0:   0000000018f6d350 0000000054442912
0x00000000186cf1f0:   0000000017081800 0000000000000000
0x00000000186cf200:   0000000000000000 0000000000000000
0x00000000186cf210:   bd01000005010000 0000000054441a09
0x00000000186cf220:   00000000186cf2b8 00000000186cf290
0x00000000186cf230:   0000000000000001 0000000018f6d350
0x00000000186cf240:   bd01000005010000 00000000544253b3
0x00000000186cf250:   00000000186cf380 0000000000000001
0x00000000186cf260:   0000000000000001 0000000018f6d350
0x00000000186cf270:   0000000000000008 0000000000000000
0x00000000186cf280:   0000000000000000 0000000000000000
0x00000000186cf290:   0000000000000001 0000000054425571 

Instructions: (pc=0x00000000545b9535)
0x00000000545b9515:   cc cc cc cc cc cc cc cc cc cc cc 48 83 ec 28 48
0x00000000545b9525:   85 c9 75 07 33 c0 48 83 c4 28 c3 48 89 5c 24 20
0x00000000545b9535:   48 8b 19 48 85 db 74 20 48 83 fb 37 74 1a 48 8b
0x00000000545b9545:   13 48 8b cb ff 52 10 84 c0 74 0d 48 8b c3 48 8b 


Register to memory mapping:

RAX=0x00000000186cf101 is pointing into the stack for thread: 0x0000000017081800
RBX=0x0000000017081800 is a thread
RCX=0xbd01000005010000 is an unknown value
RDX=0x0000000000000000 is an unknown value
RSP=0x00000000186cf1a0 is pointing into the stack for thread: 0x0000000017081800
RBP=0xbd01000005010000 is an unknown value
RSI=0x00000000186cf2b8 is pointing into the stack for thread: 0x0000000017081800
RDI=0x00000000023f9f10 is an unknown value
R8 =0x0000000017081800 is a thread
R9 =0x00000000021d1140 is an unknown value
R10=0x00000000021d00f0 is an unknown value
R11=0x000000001a3b5420 is an unknown value
R12=0x0000000000000000 is an unknown value
R13=0x0000000017077308 is an unknown value
R14=0x0000000000000000 is an unknown value
R15=0x0000000000000000 is an unknown value


Stack: [0x00000000185d0000,0x00000000186d0000],  sp=0x00000000186cf1a0,  free space=1020k
Native frames: (J=compiled Java code, j=interpreted, Vv=VM code, C=native code)
V  [jvm.dll+0x119535]
V  [jvm.dll+0x332dbd]
C  [jdwp.dll+0x21a09]
C  [jdwp.dll+0x53b3]
C  [jdwp.dll+0x5571]
C  [jdwp.dll+0xf09c]
C  [jdwp.dll+0x1f2c9]
C  [jdwp.dll+0x1f49e]
V  [jvm.dll+0x1aaa18]
V  [jvm.dll+0x22aac4]
V  [jvm.dll+0x283f5a]
C  [msvcr100.dll+0x21d9f]
C  [msvcr100.dll+0x21e3b]
C  [KERNEL32.DLL+0x18102]
C  [ntdll.dll+0x5c5b4]


---------------  P R O C E S S  ---------------

Java Threads: ( => current thread )
  0x00000000170ce800 JavaThread "Service Thread" daemon [_thread_blocked, id=13200, stack(0x0000000018fd0000,0x00000000190d0000)]
  0x00000000170ad800 JavaThread "C1 CompilerThread2" daemon [_thread_blocked, id=13916, stack(0x0000000018ad0000,0x0000000018bd0000)]
  0x00000000170a6800 JavaThread "C2 CompilerThread1" daemon [_thread_blocked, id=16164, stack(0x00000000189d0000,0x0000000018ad0000)]
  0x00000000170b1800 JavaThread "C2 CompilerThread0" daemon [_thread_blocked, id=4448, stack(0x00000000188d0000,0x00000000189d0000)]
  0x0000000017086800 JavaThread "JDWP Command Reader" daemon [_thread_in_native, id=6096, stack(0x00000000187d0000,0x00000000188d0000)]
  0x0000000017083000 JavaThread "JDWP Event Helper Thread" daemon [_thread_blocked, id=14412, stack(0x00000000186d0000,0x00000000187d0000)]
=>0x0000000017081800 JavaThread "JDWP Transport Listener: dt_socket" daemon [_thread_in_vm, id=14484, stack(0x00000000185d0000,0x00000000186d0000)]
  0x000000001706f800 JavaThread "Attach Listener" daemon [_thread_blocked, id=9764, stack(0x00000000184d0000,0x00000000185d0000)]
  0x000000001706e800 JavaThread "Signal Dispatcher" daemon [_thread_blocked, id=15596, stack(0x00000000183d0000,0x00000000184d0000)]
  0x00000000024f7800 JavaThread "Finalizer" daemon [_thread_blocked, id=16180, stack(0x00000000182d0000,0x00000000183d0000)]
  0x0000000017038000 JavaThread "Reference Handler" daemon [_thread_blocked, id=12256, stack(0x00000000181d0000,0x00000000182d0000)]
  0x0000000002403800 JavaThread "main" [_thread_blocked, id=15116, stack(0x0000000002220000,0x0000000002320000)]

Other Threads:
  0x0000000017037000 VMThread [stack: 0x00000000180d0000,0x00000000181d0000] [id=8900]
  0x0000000018c2a000 WatcherThread [stack: 0x00000000190d0000,0x00000000191d0000] [id=13092]

VM state:not at safepoint (normal execution)

VM Mutex/Monitor currently owned by a thread: None

Heap:
 PSYoungGen      total 71680K, used 61649K [0x00000000d5c00000, 0x00000000da700000, 0x0000000100000000)
  eden space 66560K, 87% used [0x00000000d5c00000,0x00000000d9498750,0x00000000d9d00000)
  from space 5120K, 72% used [0x00000000da200000,0x00000000da59c010,0x00000000da700000)
  to   space 5120K, 0% used [0x00000000d9d00000,0x00000000d9d00000,0x00000000da200000)
 ParOldGen       total 87552K, used 16K [0x0000000081400000, 0x0000000086980000, 0x00000000d5c00000)
  object space 87552K, 0% used [0x0000000081400000,0x0000000081404000,0x0000000086980000)
 Metaspace       used 6839K, capacity 7328K, committed 7552K, reserved 1056768K
  class space    used 813K, capacity 873K, committed 896K, reserved 1048576K

Card table byte_map: [0x00000000118c0000,0x0000000011cc0000] byte_map_base: 0x00000000114b6000

Marking Bits: (ParMarkBitMap*) 0x0000000054c7b460
 Begin Bits: [0x0000000012370000, 0x0000000014320000)
 End Bits:   [0x0000000014320000, 0x00000000162d0000)

Polling page: 0x0000000000c00000

CodeCache: size=245760Kb used=5411Kb max_used=5424Kb free=240348Kb
 bounds [0x0000000002500000, 0x0000000002a60000, 0x0000000011500000]
 total_blobs=1484 nmethods=1213 adapters=192
 compilation: enabled

Compilation events (10 events):
Event: 2.138 Thread 0x00000000170b1800 nmethod 1210 0x00000000028d7850 code [0x00000000028d7980, 0x00000000028d7a38]
Event: 2.141 Thread 0x00000000170ad800 1211       3       java.util.regex.Pattern$Single::isSatisfiedBy (14 bytes)
Event: 2.142 Thread 0x00000000170ad800 nmethod 1211 0x0000000002a3db90 code [0x0000000002a3dce0, 0x0000000002a3de90]
Event: 2.202 Thread 0x00000000170a6800 nmethod 1192 0x0000000002a4de10 code [0x0000000002a4e0e0, 0x0000000002a50a18]
Event: 4.815 Thread 0x00000000170ad800 1212       3       java.util.ArrayList::rangeCheck (22 bytes)
Event: 4.815 Thread 0x00000000170ad800 nmethod 1212 0x0000000002a3bfd0 code [0x0000000002a3c1e0, 0x0000000002a3cc98]
Event: 10.344 Thread 0x00000000170ad800 1213       3       java.util.ArrayList::get (11 bytes)
Event: 10.344 Thread 0x00000000170ad800 nmethod 1213 0x0000000002a3f910 code [0x0000000002a3faa0, 0x0000000002a3fdf8]
Event: 11.679 Thread 0x00000000170ad800 1214       3       net.fathomsoft.nova.tree.Node::getChild (12 bytes)
Event: 11.679 Thread 0x00000000170ad800 nmethod 1214 0x0000000002a3ef50 code [0x0000000002a3f100, 0x0000000002a3f5b8]

GC Heap History (4 events):
Event: 0.920 GC heap before
{Heap before GC invocations=1 (full 0):
 PSYoungGen      total 38400K, used 33280K [0x00000000d5c00000, 0x00000000d8680000, 0x0000000100000000)
  eden space 33280K, 100% used [0x00000000d5c00000,0x00000000d7c80000,0x00000000d7c80000)
  from space 5120K, 0% used [0x00000000d8180000,0x00000000d8180000,0x00000000d8680000)
  to   space 5120K, 0% used [0x00000000d7c80000,0x00000000d7c80000,0x00000000d8180000)
 ParOldGen       total 87552K, used 0K [0x0000000081400000, 0x0000000086980000, 0x00000000d5c00000)
  object space 87552K, 0% used [0x0000000081400000,0x0000000081400000,0x0000000086980000)
 Metaspace       used 5617K, capacity 6206K, committed 6528K, reserved 1056768K
  class space    used 726K, capacity 800K, committed 896K, reserved 1048576K
Event: 0.932 GC heap after
Heap after GC invocations=1 (full 0):
 PSYoungGen      total 38400K, used 2864K [0x00000000d5c00000, 0x00000000da700000, 0x0000000100000000)
  eden space 33280K, 0% used [0x00000000d5c00000,0x00000000d5c00000,0x00000000d7c80000)
  from space 5120K, 55% used [0x00000000d7c80000,0x00000000d7f4c010,0x00000000d8180000)
  to   space 5120K, 0% used [0x00000000da200000,0x00000000da200000,0x00000000da700000)
 ParOldGen       total 87552K, used 8K [0x0000000081400000, 0x0000000086980000, 0x00000000d5c00000)
  object space 87552K, 0% used [0x0000000081400000,0x0000000081402000,0x0000000086980000)
 Metaspace       used 5617K, capacity 6206K, committed 6528K, reserved 1056768K
  class space    used 726K, capacity 800K, committed 896K, reserved 1048576K
}
Event: 1.277 GC heap before
{Heap before GC invocations=2 (full 0):
 PSYoungGen      total 38400K, used 36144K [0x00000000d5c00000, 0x00000000da700000, 0x0000000100000000)
  eden space 33280K, 100% used [0x00000000d5c00000,0x00000000d7c80000,0x00000000d7c80000)
  from space 5120K, 55% used [0x00000000d7c80000,0x00000000d7f4c010,0x00000000d8180000)
  to   space 5120K, 0% used [0x00000000da200000,0x00000000da200000,0x00000000da700000)
 ParOldGen       total 87552K, used 8K [0x0000000081400000, 0x0000000086980000, 0x00000000d5c00000)
  object space 87552K, 0% used [0x0000000081400000,0x0000000081402000,0x0000000086980000)
 Metaspace       used 5970K, capacity 6564K, committed 6784K, reserved 1056768K
  class space    used 767K, capacity 833K, committed 896K, reserved 1048576K
Event: 1.285 GC heap after
Heap after GC invocations=2 (full 0):
 PSYoungGen      total 71680K, used 3696K [0x00000000d5c00000, 0x00000000da700000, 0x0000000100000000)
  eden space 66560K, 0% used [0x00000000d5c00000,0x00000000d5c00000,0x00000000d9d00000)
  from space 5120K, 72% used [0x00000000da200000,0x00000000da59c010,0x00000000da700000)
  to   space 5120K, 0% used [0x00000000d9d00000,0x00000000d9d00000,0x00000000da200000)
 ParOldGen       total 87552K, used 16K [0x0000000081400000, 0x0000000086980000, 0x00000000d5c00000)
  object space 87552K, 0% used [0x0000000081400000,0x0000000081404000,0x0000000086980000)
 Metaspace       used 5970K, capacity 6564K, committed 6784K, reserved 1056768K
  class space    used 767K, capacity 833K, committed 896K, reserved 1048576K
}

Deoptimization events (10 events):
Event: 2.038 Thread 0x0000000002403800 Uncommon trap: reason=unreached action=reinterpret pc=0x00000000029a8a7c method=net.fathomsoft.nova.tree.ClassDeclaration.getExtendedClassLocation()Ljava/lang/String; @ 4
Event: 2.094 Thread 0x0000000002403800 Uncommon trap: reason=class_check action=maybe_recompile pc=0x00000000029e6930 method=java.util.regex.Pattern$GroupHead.match(Ljava/util/regex/Matcher;ILjava/lang/CharSequence;)Z @ 28
Event: 2.094 Thread 0x0000000002403800 Uncommon trap: reason=class_check action=maybe_recompile pc=0x00000000029e6930 method=java.util.regex.Pattern$GroupHead.match(Ljava/util/regex/Matcher;ILjava/lang/CharSequence;)Z @ 28
Event: 2.094 Thread 0x0000000002403800 Uncommon trap: reason=class_check action=maybe_recompile pc=0x00000000029e6930 method=java.util.regex.Pattern$GroupHead.match(Ljava/util/regex/Matcher;ILjava/lang/CharSequence;)Z @ 28
Event: 2.094 Thread 0x0000000002403800 Uncommon trap: reason=class_check action=maybe_recompile pc=0x00000000029e6930 method=java.util.regex.Pattern$GroupHead.match(Ljava/util/regex/Matcher;ILjava/lang/CharSequence;)Z @ 28
Event: 2.280 Thread 0x0000000002403800 Uncommon trap: reason=unloaded action=reinterpret pc=0x000000000276df64 method=java.util.ArrayList.rangeCheck(I)V @ 8
Event: 3.247 Thread 0x0000000002403800 Uncommon trap: reason=unloaded action=reinterpret pc=0x000000000276e414 method=java.util.ArrayList.rangeCheck(I)V @ 8
Event: 4.286 Thread 0x0000000002403800 Uncommon trap: reason=unloaded action=reinterpret pc=0x000000000276ea54 method=java.util.ArrayList.rangeCheck(I)V @ 8
Event: 4.814 Thread 0x0000000002403800 Uncommon trap: reason=unreached action=reinterpret pc=0x00000000029d10c8 method=net.fathomsoft.nova.tree.ClassDeclaration.getGenericTypeParameter(Ljava/lang/String;Lnet/fathomsoft/nova/tree/GenericCompatible;)Lnet/fathomsoft/nova/tree/generics/GenericTypePÎ.'Å%B@
Event: 4.815 Thread 0x0000000002403800 Uncommon trap: reason=unreached action=reinterpret pc=0x000000000287044c method=net.fathomsoft.nova.tree.Node.addChild(ILnet/fathomsoft/nova/tree/Node;)V @ 6

Internal exceptions (10 events):
Event: 2.004 Thread 0x0000000002403800 Implicit null exception at 0x00000000029dd4fb to 0x00000000029de111
Event: 2.004 Thread 0x0000000002403800 Implicit null exception at 0x00000000027a577d to 0x00000000027a6389
Event: 2.004 Thread 0x0000000002403800 Implicit null exception at 0x0000000002969460 to 0x000000000296a8e5
Event: 2.095 Thread 0x0000000002403800 Exception <a 'java/security/PrivilegedActionException'> (0x00000000d932e2b8) thrown at [D:\re\workspace\8-2-build-windows-amd64-cygwin\jdk8u20\1074\hotspot\src\share\vm\prims\jvm.cpp, line 1275]
Event: 2.096 Thread 0x0000000002403800 Exception <a 'java/security/PrivilegedActionException'> (0x00000000d9333058) thrown at [D:\re\workspace\8-2-build-windows-amd64-cygwin\jdk8u20\1074\hotspot\src\share\vm\prims\jvm.cpp, line 1275]
Event: 2.098 Thread 0x0000000002403800 Exception <a 'java/security/PrivilegedActionException'> (0x00000000d933bc88) thrown at [D:\re\workspace\8-2-build-windows-amd64-cygwin\jdk8u20\1074\hotspot\src\share\vm\prims\jvm.cpp, line 1275]
Event: 2.110 Thread 0x0000000002403800 Exception <a 'java/security/PrivilegedActionException'> (0x00000000d9343560) thrown at [D:\re\workspace\8-2-build-windows-amd64-cygwin\jdk8u20\1074\hotspot\src\share\vm\prims\jvm.cpp, line 1275]
Event: 2.114 Thread 0x0000000002403800 Exception <a 'java/security/PrivilegedActionException'> (0x00000000d9346d58) thrown at [D:\re\workspace\8-2-build-windows-amd64-cygwin\jdk8u20\1074\hotspot\src\share\vm\prims\jvm.cpp, line 1275]
Event: 2.119 Thread 0x0000000002403800 Exception <a 'java/security/PrivilegedActionException'> (0x00000000d934aa78) thrown at [D:\re\workspace\8-2-build-windows-amd64-cygwin\jdk8u20\1074\hotspot\src\share\vm\prims\jvm.cpp, line 1275]
Event: 2.123 Thread 0x0000000002403800 Exception <a 'java/security/PrivilegedActionException'> (0x00000000d934fa70) thrown at [D:\re\workspace\8-2-build-windows-amd64-cygwin\jdk8u20\1074\hotspot\src\share\vm\prims\jvm.cpp, line 1275]

Events (10 events):
Event: 3384.097 Executing VM operation: ChangeBreakpoints
Event: 3384.097 Executing VM operation: ChangeBreakpoints done
Event: 3384.098 Executing VM operation: ChangeBreakpoints
Event: 3384.098 Executing VM operation: ChangeBreakpoints done
Event: 3384.098 Executing VM operation: ChangeBreakpoints
Event: 3384.098 Executing VM operation: ChangeBreakpoints done
Event: 3384.098 Executing VM operation: ChangeBreakpoints
Event: 3384.098 Executing VM operation: ChangeBreakpoints done
Event: 3384.118 Executing VM operation: RedefineClasses
Event: 3384.140 Executing VM operation: RedefineClasses done


Dynamic libraries:
0x00007ff7d42c0000 - 0x00007ff7d42f4000 	C:\Program Files\Java\jdk1.8.0_20\bin\java.exe
0x00007ffbfcf60000 - 0x00007ffbfd121000 	C:\WINDOWS\SYSTEM32\ntdll.dll
0x00007ffbfa450000 - 0x00007ffbfa4fd000 	C:\WINDOWS\system32\KERNEL32.DLL
0x00007ffbf9760000 - 0x00007ffbf9948000 	C:\WINDOWS\system32\KERNELBASE.dll
0x00007ffbfa340000 - 0x00007ffbfa3e7000 	C:\WINDOWS\system32\ADVAPI32.dll
0x00007ffbfbd70000 - 0x00007ffbfbe0d000 	C:\WINDOWS\system32\msvcrt.dll
0x00007ffbfcdb0000 - 0x00007ffbfce0b000 	C:\WINDOWS\system32\sechost.dll
0x00007ffbfa5c0000 - 0x00007ffbfa6dc000 	C:\WINDOWS\system32\RPCRT4.dll
0x00007ffbfc1f0000 - 0x00007ffbfc346000 	C:\WINDOWS\system32\USER32.dll
0x00007ffbfcb50000 - 0x00007ffbfccd6000 	C:\WINDOWS\system32\GDI32.dll
0x00007ffbf5740000 - 0x00007ffbf59b4000 	C:\WINDOWS\WinSxS\amd64_microsoft.windows.common-controls_6595b64144ccf1df_6.0.10586.494_none_a2d8b04ea53e3145\COMCTL32.dll
0x00007ffbfc350000 - 0x00007ffbfc5cd000 	C:\WINDOWS\system32\combase.dll
0x00007ffbfa270000 - 0x00007ffbfa2da000 	C:\WINDOWS\system32\bcryptPrimitives.dll
0x00007ffbfbe30000 - 0x00007ffbfbe6b000 	C:\WINDOWS\system32\IMM32.DLL
0x0000000054d00000 - 0x0000000054dd2000 	C:\Program Files\Java\jdk1.8.0_20\jre\bin\msvcr100.dll
0x00000000544a0000 - 0x0000000054cf8000 	C:\Program Files\Java\jdk1.8.0_20\jre\bin\server\jvm.dll
0x00007ffbfcda0000 - 0x00007ffbfcda8000 	C:\WINDOWS\system32\PSAPI.DLL
0x00007ffbe5ad0000 - 0x00007ffbe5ad9000 	C:\WINDOWS\SYSTEM32\WSOCK32.dll
0x00007ffbfcef0000 - 0x00007ffbfcf5b000 	C:\WINDOWS\system32\WS2_32.dll
0x00007ffbf78a0000 - 0x00007ffbf78c3000 	C:\WINDOWS\SYSTEM32\WINMM.dll
0x00007ffbf7840000 - 0x00007ffbf786c000 	C:\WINDOWS\SYSTEM32\WINMMBASE.dll
0x00007ffbf9b20000 - 0x00007ffbf9b63000 	C:\WINDOWS\system32\cfgmgr32.dll
0x0000000054490000 - 0x000000005449f000 	C:\Program Files\Java\jdk1.8.0_20\jre\bin\verify.dll
0x0000000054460000 - 0x0000000054488000 	C:\Program Files\Java\jdk1.8.0_20\jre\bin\java.dll
0x0000000054420000 - 0x0000000054455000 	C:\Program Files\Java\jdk1.8.0_20\jre\bin\jdwp.dll
0x0000000054410000 - 0x0000000054418000 	C:\Program Files\Java\jdk1.8.0_20\jre\bin\npt.dll
0x00000000543f0000 - 0x0000000054406000 	C:\Program Files\Java\jdk1.8.0_20\jre\bin\zip.dll
0x00007ffbfa810000 - 0x00007ffbfbd6c000 	C:\WINDOWS\system32\SHELL32.dll
0x00007ffbf9b90000 - 0x00007ffbfa1d5000 	C:\WINDOWS\system32\windows.storage.dll
0x00007ffbfa3f0000 - 0x00007ffbfa442000 	C:\WINDOWS\system32\shlwapi.dll
0x00007ffbf95e0000 - 0x00007ffbf95ef000 	C:\WINDOWS\system32\kernel.appcore.dll
0x00007ffbf95f0000 - 0x00007ffbf96a5000 	C:\WINDOWS\system32\shcore.dll
0x00007ffbf9560000 - 0x00007ffbf95ab000 	C:\WINDOWS\system32\powrprof.dll
0x00007ffbf95b0000 - 0x00007ffbf95c4000 	C:\WINDOWS\system32\profapi.dll
0x00000000543e0000 - 0x00000000543e9000 	C:\Program Files\Java\jdk1.8.0_20\jre\bin\dt_socket.dll
0x00007ffbf8e30000 - 0x00007ffbf8e8c000 	C:\WINDOWS\system32\mswsock.dll
0x00007ffbf30d0000 - 0x00007ffbf325c000 	C:\WINDOWS\SYSTEM32\dbghelp.dll

VM Arguments:
jvm_args: -agentlib:jdwp=transport=dt_socket,address=127.0.0.1:54690,suspend=y,server=n -Dfile.encoding=UTF-8 
java_command: net.fathomsoft.nova.Nova
java_class_path (initial): C:\Program Files\Java\jdk1.8.0_20\jre\lib\charsets.jar;C:\Program Files\Java\jdk1.8.0_20\jre\lib\deploy.jar;C:\Program Files\Java\jdk1.8.0_20\jre\lib\ext\access-bridge-64.jar;C:\Program Files\Java\jdk1.8.0_20\jre\lib\ext\cldrdata.jar;C:\Program Files\Java\jdk1.8.0_20\jre\lib\ext\dnsns.jar;C:\Program Files\Java\jdk1.8.0_20\jre\lib\ext\jaccess.jar;C:\Program Files\Java\jdk1.8.0_20\jre\lib\ext\jfxrt.jar;C:\Program Files\Java\jdk1.8.0_20\jre\lib\ext\localedata.jar;C:\Program Files\Java\jdk1.8.0_20\jre\lib\ext\nashorn.jar;C:\Program Files\Java\jdk1.8.0_20\jre\lib\ext\sunec.jar;C:\Program Files\Java\jdk1.8.0_20\jre\lib\ext\sunjce_provider.jar;C:\Program Files\Java\jdk1.8.0_20\jre\lib\ext\sunmscapi.jar;C:\Program Files\Java\jdk1.8.0_20\jre\lib\ext\sunpkcs11.jar;C:\Program Files\Java\jdk1.8.0_20\jre\lib\ext\zipfs.jar;C:\Program Files\Java\jdk1.8.0_20\jre\lib\javaws.jar;C:\Program Files\Java\jdk1.8.0_20\jre\lib\jce.jar;C:\Program Files\Java\jdk1.8.0_20\jre\lib\jfr.jar;C:\Program Files\Java\jdk1.8.0_20\jre\lib\jfxswt.jar;C:\Program Files\Java\jdk1.8.0_20\jre\lib\jsse.jar;C:\Program Files\Java\jdk1.8.0_20\jre\lib\management-agent.jar;C:\Program Files\Java\jdk1.8.0_20\jre\lib\plugin.jar;C:\Program Files\Java\jdk1.8.0_20\jre\lib\resources.jar;C:\Program Files\Java\jdk1.8.0_20\jre\lib\rt.jar;C:\Users\Braden Steffaniak\Documents\GitHub\NovaWorkspace\Nova\bin\production\Nova;C:\Program Files (x86)\JetBrains\IntelliJ IDEA Community Edition 2016.2\lib\idea_rt.jar
Launcher Type: SUN_STANDARD

Environment Variables:
JAVA_HOME=C:\Program Files\Java\jdk1.8.0_20
CLASSPATH=C:\Program Files\Java\jdk1.8.0_20\bin;C:\Program Files\Java\jre1.8.0_20\bin
USERNAME=Braden Steffaniak
OS=Windows_NT
PROCESSOR_IDENTIFIER=AMD64 Family 16 Model 4 Stepping 3, AuthenticAMD



---------------  S Y S T E M  ---------------

OS: Windows 8.1 , 64 bit Build 9600 

CPU:total 4 (4 cores per cpu, 1 threads per core) family 16 model 4 stepping 3, cmov, cx8, fxsr, mmx, sse, sse2, sse3, popcnt, mmxext, 3dnowpref, lzcnt, sse4a, tsc, tscinvbit, tscinv

Memory: 4k page, physical 8302096k(1068556k free), swap 24030736k(6046168k free)

vm_info: Java HotSpot(TM) 64-Bit Server VM (25.20-b23) for windows-amd64 JRE (1.8.0_20-b26), built on Jul 30 2014 13:51:23 by "java_re" with MS VC++ 10.0 (VS2010)

time: Wed Aug 17 21:15:07 2016
elapsed time: 3384 seconds (0d 0h 56m 24s)

