***Static roots:
From 00404000 to 00405000 (temporary)
From 63414000 to 63415000 (temporary)
From 6341e000 to 6342e000 (temporary)
From 63435000 to 6343f000 (temporary)
From 63444000 to 63447000 (temporary)
From 6344b000 to 6344c000 (temporary)
From 63c85000 to 63c86000 (temporary)
From 63c87000 to 63c88000 (temporary)
From 6bdc5000 to 6bdc6000 (temporary)
From 6bdc7000 to 6bdc8000 (temporary)
From 6e956000 to 6e957000 (temporary)
From 6e95c000 to 6e95d000 (temporary)
From 6e95e000 to 6e95f000 (temporary)
From 74fd4000 to 74fd5000 (temporary)
From 7502e000 to 7502f000 (temporary)
From 75032000 to 75033000 (temporary)
From 75079000 to 7507b000 (temporary)
From 75099000 to 7509a000 (temporary)
From 750d0000 to 750d1000 (temporary)
From 753f3000 to 753f4000 (temporary)
From 75461000 to 75463000 (temporary)
From 75964000 to 75965000 (temporary)
From 75a80000 to 75a81000 (temporary)
From 75db4000 to 75db5000 (temporary)
From 75ef0000 to 75ef1000 (temporary)
From 75f50000 to 75f51000 (temporary)
From 75fe0000 to 75fe1000 (temporary)
From 760e0000 to 760e1000 (temporary)
From 760e2000 to 760e4000 (temporary)
From 760e5000 to 760e7000 (temporary)
From 76187000 to 76188000 (temporary)
From 7634c000 to 7634e000 (temporary)
From 76450000 to 76451000 (temporary)
From 775c2000 to 775c3000 (temporary)
From 775c4000 to 775c5000 (temporary)
From 775c7000 to 775c8000 (temporary)
From 775c9000 to 775cb000 (temporary)
From 77770000 to 77771000 (temporary)
From 77772000 to 77773000 (temporary)
From 77774000 to 77777000 (temporary)
GC_root_size: 303104

***Heap sections:
Total heap size: 274432
Section 0 from 00430000 to 00440000 0/16 blacklisted
Section 1 from 00490000 to 004a1000 2/17 blacklisted
Section 2 from 004b0000 to 004d2000 1/34 blacklisted

***Free blocks:
Free list 1 (total size 4096):
	004a0000 size 4096 start black listed
Free list 2 (total size 8192):
	00492000 size 8192 not black listed
Free list 25 (total size 102400):
	004b9000 size 102400 not black listed
GC_large_free_bytes: 114688

***Blocks in use:
(kind(0=ptrfree,1=normal,2=unc.):size_in_bytes, #_marks_set)
(1:8,9)
(1:8,3)
(1:8,2)
(1:8,2)
(1:8,2)
(1:8,2)
(1:8,2)
(1:8,2)
(1:8,2)
(1:8,2)
(1:8,2)
(1:8,2)
(1:8,2)
(1:8,2)
(1:8,2)
(1:8,5)
(1:8,2)
(1:8,1)
(1:8,5)
(1:8,2)
(1:8,1)
(1:24,0)
(0:4096,1)
(1:8,5)
(1:8,2)
(1:8,1)
(1:8,5)
(1:8,2)
(1:8,1)
(1:8,5)
(1:8,2)
(1:8,1)
(1:8,5)
(1:8,2)
(1:8,1)
(1:8,0)
(1:16,3)
(1:80,1)
(1:8,14)
blocks= 39, bytes= 159744
***Static roots:
From 00404000 to 00405000 (temporary)
From 63414000 to 63415000 (temporary)
From 6341e000 to 6342e000 (temporary)
From 63435000 to 6343f000 (temporary)
From 63444000 to 63447000 (temporary)
From 6344b000 to 6344c000 (temporary)
From 63c85000 to 63c86000 (temporary)
From 63c87000 to 63c88000 (temporary)
From 6bdc5000 to 6bdc6000 (temporary)
From 6bdc7000 to 6bdc8000 (temporary)
From 6e956000 to 6e957000 (temporary)
From 6e95c000 to 6e95d000 (temporary)
From 6e95e000 to 6e95f000 (temporary)
From 74fd4000 to 74fd5000 (temporary)
From 7502e000 to 7502f000 (temporary)
From 75032000 to 75033000 (temporary)
From 75079000 to 7507b000 (temporary)
From 75099000 to 7509a000 (temporary)
From 750d0000 to 750d1000 (temporary)
From 753f3000 to 753f4000 (temporary)
From 75461000 to 75463000 (temporary)
From 75964000 to 75965000 (temporary)
From 75a80000 to 75a81000 (temporary)
From 75db4000 to 75db5000 (temporary)
From 75ef0000 to 75ef1000 (temporary)
From 75f50000 to 75f51000 (temporary)
From 75fe0000 to 75fe1000 (temporary)
From 760e0000 to 760e1000 (temporary)
From 760e2000 to 760e7000 (temporary)
From 76187000 to 76188000 (temporary)
From 7634c000 to 7634e000 (temporary)
From 76450000 to 76451000 (temporary)
From 775c2000 to 775c3000 (temporary)
From 775c4000 to 775c5000 (temporary)
From 775c7000 to 775c8000 (temporary)
From 775c9000 to 775cb000 (temporary)
From 77770000 to 77771000 (temporary)
From 77772000 to 77773000 (temporary)
From 77774000 to 77777000 (temporary)
GC_root_size: 307200

***Heap sections:
Total heap size: 274432
Section 0 from 00430000 to 00440000 0/16 blacklisted
Section 1 from 00490000 to 004a1000 2/17 blacklisted
Section 2 from 004b0000 to 004d2000 1/34 blacklisted

***Free blocks:
Free list 1 (total size 4096):
	004a0000 size 4096 start black listed
Free list 23 (total size 94208):
	004bb000 size 94208 not black listed
GC_large_free_bytes: 98304

***Blocks in use:
(kind(0=ptrfree,1=normal,2=unc.):size_in_bytes, #_marks_set)
(1:24,0)
(1:8,71)
(1:8,19)
(1:8,7)
(1:8,2)
(1:8,2)
(1:8,2)
(1:8,2)
(1:8,2)
(1:8,2)
(1:8,2)
(1:8,2)
(1:8,2)
(1:8,2)
(1:8,2)
(1:8,2)
(1:8,5)
(1:8,2)
(1:8,1)
(1:8,5)
(1:8,2)
(1:8,1)
(1:8,5)
(1:8,2)
(1:8,1)
(1:8,5)
(0:4096,1)
(1:8,5)
(1:8,2)
(1:8,1)
(1:8,5)
(1:8,2)
(1:8,1)
(1:8,5)
(1:8,2)
(1:8,1)
(1:8,5)
(1:8,2)
(1:8,1)
(1:8,2)
(1:16,3)
(1:80,1)
(1:8,26)
blocks= 43, bytes= 176128
***Static roots:
From 00404000 to 00405000 (temporary)
From 63414000 to 63415000 (temporary)
From 6341e000 to 6342e000 (temporary)
From 63435000 to 6343f000 (temporary)
From 63444000 to 63447000 (temporary)
From 6344b000 to 6344c000 (temporary)
From 63c85000 to 63c86000 (temporary)
From 63c87000 to 63c88000 (temporary)
From 6bdc5000 to 6bdc6000 (temporary)
From 6bdc7000 to 6bdc8000 (temporary)
From 6e956000 to 6e957000 (temporary)
From 6e95c000 to 6e95d000 (temporary)
From 6e95e000 to 6e95f000 (temporary)
From 74fd4000 to 74fd5000 (temporary)
From 7502e000 to 7502f000 (temporary)
From 75032000 to 75033000 (temporary)
From 75079000 to 7507b000 (temporary)
From 75099000 to 7509a000 (temporary)
From 750d0000 to 750d1000 (temporary)
From 753f3000 to 753f4000 (temporary)
From 75461000 to 75463000 (temporary)
From 75964000 to 75965000 (temporary)
From 75a80000 to 75a81000 (temporary)
From 75db4000 to 75db5000 (temporary)
From 75ef0000 to 75ef1000 (temporary)
From 75f50000 to 75f51000 (temporary)
From 75fe0000 to 75fe1000 (temporary)
From 760e0000 to 760e1000 (temporary)
From 760e2000 to 760e7000 (temporary)
From 76187000 to 76188000 (temporary)
From 7634c000 to 7634e000 (temporary)
From 76450000 to 76451000 (temporary)
From 775c2000 to 775c3000 (temporary)
From 775c4000 to 775c5000 (temporary)
From 775c7000 to 775c8000 (temporary)
From 775c9000 to 775cb000 (temporary)
From 77770000 to 77771000 (temporary)
From 77772000 to 77773000 (temporary)
From 77774000 to 77777000 (temporary)
GC_root_size: 307200

***Heap sections:
Total heap size: 274432
Section 0 from 00430000 to 00440000 0/16 blacklisted
Section 1 from 00490000 to 004a1000 2/17 blacklisted
Section 2 from 004b0000 to 004d2000 1/34 blacklisted

***Free blocks:
Free list 1 (total size 4096):
	004a0000 size 4096 start black listed
Free list 23 (total size 94208):
	004bb000 size 94208 not black listed
GC_large_free_bytes: 98304

***Blocks in use:
(kind(0=ptrfree,1=normal,2=unc.):size_in_bytes, #_marks_set)
(1:24,0)
(1:8,14)
(1:8,7)
(1:8,4)
(1:8,2)
(1:8,2)
(1:8,2)
(1:8,2)
(1:8,2)
(1:8,2)
(1:8,2)
(1:8,2)
(1:8,2)
(1:8,2)
(1:8,2)
(1:8,2)
(1:8,5)
(1:8,2)
(1:8,1)
(1:8,5)
(1:8,2)
(1:8,1)
(1:8,5)
(1:8,2)
(1:8,1)
(1:8,1)
(0:4096,1)
(1:8,5)
(1:8,2)
(1:8,1)
(1:8,5)
(1:8,2)
(1:8,1)
(1:8,5)
(1:8,2)
(1:8,5)
(1:8,2)
(1:8,1)
(1:8,5)
(1:8,2)
(1:16,3)
(1:80,1)
(1:8,17)
blocks= 43, bytes= 176128
***Static roots:
From 00404000 to 00405000 (temporary)
From 63414000 to 63415000 (temporary)
From 6341e000 to 6342e000 (temporary)
From 63435000 to 6343f000 (temporary)
From 63444000 to 63447000 (temporary)
From 6344b000 to 6344c000 (temporary)
From 63c85000 to 63c86000 (temporary)
From 63c87000 to 63c88000 (temporary)
From 6bdc5000 to 6bdc6000 (temporary)
From 6bdc7000 to 6bdc8000 (temporary)
From 6e956000 to 6e957000 (temporary)
From 6e95c000 to 6e95d000 (temporary)
From 6e95e000 to 6e95f000 (temporary)
From 74fd4000 to 74fd5000 (temporary)
From 7502e000 to 7502f000 (temporary)
From 75032000 to 75033000 (temporary)
From 75079000 to 7507b000 (temporary)
From 75099000 to 7509a000 (temporary)
From 750d0000 to 750d1000 (temporary)
From 753f3000 to 753f4000 (temporary)
From 75461000 to 75463000 (temporary)
From 75964000 to 75965000 (temporary)
From 75a80000 to 75a81000 (temporary)
From 75db4000 to 75db5000 (temporary)
From 75ef0000 to 75ef1000 (temporary)
From 75f50000 to 75f51000 (temporary)
From 75fe0000 to 75fe1000 (temporary)
From 760e0000 to 760e1000 (temporary)
From 760e2000 to 760e7000 (temporary)
From 76187000 to 76188000 (temporary)
From 7634c000 to 7634e000 (temporary)
From 76450000 to 76451000 (temporary)
From 775c2000 to 775c3000 (temporary)
From 775c4000 to 775c5000 (temporary)
From 775c7000 to 775c8000 (temporary)
From 775c9000 to 775cb000 (temporary)
From 77770000 to 77771000 (temporary)
From 77772000 to 77773000 (temporary)
From 77774000 to 77777000 (temporary)
GC_root_size: 307200

***Heap sections:
Total heap size: 274432
Section 0 from 00430000 to 00440000 0/16 blacklisted
Section 1 from 00490000 to 004a1000 2/17 blacklisted
Section 2 from 004b0000 to 004d2000 1/34 blacklisted

***Free blocks:
Free list 11 (total size 45056):
	00435000 size 45056 not black listed
Free list 24 (total size 98304):
	004ba000 size 98304 not black listed
GC_large_free_bytes: 143360

***Blocks in use:
(kind(0=ptrfree,1=normal,2=unc.):size_in_bytes, #_marks_set)
(1:8,7)
(1:8,4)
(1:8,3)
(1:8,2)
(1:8,2)
(1:8,2)
(1:8,2)
(1:8,2)
(1:8,2)
(1:8,2)
(0:4096,0)
(1:8,2)
(1:8,2)
(1:8,2)
(1:8,2)
(1:8,2)
(1:8,0)
(1:8,0)
(1:8,0)
(1:8,0)
(1:8,0)
(1:8,0)
(1:8,0)
(1:8,0)
(1:8,2)
(1:8,0)
(0:4096,1)
(1:24,0)
(1:8,0)
(1:16,3)
(1:80,1)
(1:8,8)
blocks= 32, bytes= 131072
***Static roots:
From 00404000 to 00405000 (temporary)
From 63414000 to 63415000 (temporary)
From 6341e000 to 6342e000 (temporary)
From 63435000 to 6343f000 (temporary)
From 63444000 to 63447000 (temporary)
From 6344b000 to 6344c000 (temporary)
From 63c85000 to 63c86000 (temporary)
From 63c87000 to 63c88000 (temporary)
From 6bdc5000 to 6bdc6000 (temporary)
From 6bdc7000 to 6bdc8000 (temporary)
From 6e956000 to 6e957000 (temporary)
From 6e95c000 to 6e95d000 (temporary)
From 6e95e000 to 6e95f000 (temporary)
From 74fd4000 to 74fd5000 (temporary)
From 7502e000 to 7502f000 (temporary)
From 75032000 to 75033000 (temporary)
From 75079000 to 7507b000 (temporary)
From 75099000 to 7509a000 (temporary)
From 750d0000 to 750d1000 (temporary)
From 753f3000 to 753f4000 (temporary)
From 75461000 to 75463000 (temporary)
From 75964000 to 75965000 (temporary)
From 75a80000 to 75a81000 (temporary)
From 75db4000 to 75db5000 (temporary)
From 75ef0000 to 75ef1000 (temporary)
From 75f50000 to 75f51000 (temporary)
From 75fe0000 to 75fe1000 (temporary)
From 760e0000 to 760e1000 (temporary)
From 760e2000 to 760e7000 (temporary)
From 76187000 to 76188000 (temporary)
From 7634c000 to 7634e000 (temporary)
From 76450000 to 76451000 (temporary)
From 775c2000 to 775c3000 (temporary)
From 775c4000 to 775c5000 (temporary)
From 775c7000 to 775c8000 (temporary)
From 775c9000 to 775cb000 (temporary)
From 77770000 to 77771000 (temporary)
From 77772000 to 77773000 (temporary)
From 77774000 to 77777000 (temporary)
GC_root_size: 307200

***Heap sections:
Total heap size: 274432
Section 0 from 00430000 to 00440000 0/16 blacklisted
Section 1 from 00490000 to 004a1000 2/17 blacklisted
Section 2 from 004b0000 to 004d2000 1/34 blacklisted

***Free blocks:
Free list 1 (total size 4096):
	004a0000 size 4096 start black listed
Free list 23 (total size 94208):
	004bb000 size 94208 not black listed
GC_large_free_bytes: 98304

***Blocks in use:
(kind(0=ptrfree,1=normal,2=unc.):size_in_bytes, #_marks_set)
(1:8,23)
(1:8,3)
(1:8,2)
(1:8,2)
(1:8,2)
(1:8,2)
(1:8,2)
(1:8,2)
(1:8,2)
(1:8,2)
(1:8,2)
(1:8,2)
(1:8,2)
(1:8,3)
(1:8,4)
(1:8,6)
(1:8,5)
(1:8,2)
(1:8,1)
(1:8,2)
(1:8,5)
(1:8,1)
(1:8,1)
(1:8,5)
(1:8,2)
(1:8,1)
(0:4096,1)
(1:8,1)
(1:8,2)
(1:8,1)
(1:8,5)
(1:8,4)
(1:8,2)
(1:8,5)
(1:8,2)
(1:8,1)
(1:24,0)
(1:8,5)
(1:8,2)
(1:8,2)
(1:16,3)
(1:80,1)
(1:8,17)
blocks= 43, bytes= 176128
***Static roots:
From 00404000 to 00405000 (temporary)
From 63414000 to 63415000 (temporary)
From 6341e000 to 6342e000 (temporary)
From 63435000 to 6343f000 (temporary)
From 63444000 to 63447000 (temporary)
From 6344b000 to 6344c000 (temporary)
From 63c85000 to 63c86000 (temporary)
From 63c87000 to 63c88000 (temporary)
From 6bdc5000 to 6bdc6000 (temporary)
From 6bdc7000 to 6bdc8000 (temporary)
From 6e956000 to 6e957000 (temporary)
From 6e95c000 to 6e95d000 (temporary)
From 6e95e000 to 6e95f000 (temporary)
From 74fd4000 to 74fd5000 (temporary)
From 7502e000 to 7502f000 (temporary)
From 75032000 to 75033000 (temporary)
From 75079000 to 7507b000 (temporary)
From 75099000 to 7509a000 (temporary)
From 750d0000 to 750d1000 (temporary)
From 753f3000 to 753f4000 (temporary)
From 75461000 to 75463000 (temporary)
From 75964000 to 75965000 (temporary)
From 75a80000 to 75a81000 (temporary)
From 75db4000 to 75db5000 (temporary)
From 75ef0000 to 75ef1000 (temporary)
From 75f50000 to 75f51000 (temporary)
From 75fe0000 to 75fe1000 (temporary)
From 760e0000 to 760e1000 (temporary)
From 760e2000 to 760e7000 (temporary)
From 76187000 to 76188000 (temporary)
From 7634c000 to 7634e000 (temporary)
From 76450000 to 76451000 (temporary)
From 775c2000 to 775c3000 (temporary)
From 775c4000 to 775c5000 (temporary)
From 775c7000 to 775c8000 (temporary)
From 775c9000 to 775cb000 (temporary)
From 77770000 to 77771000 (temporary)
From 77772000 to 77773000 (temporary)
From 77774000 to 77777000 (temporary)
GC_root_size: 307200

***Heap sections:
Total heap size: 274432
Section 0 from 00430000 to 00440000 0/16 blacklisted
Section 1 from 00490000 to 004a1000 2/17 blacklisted
Section 2 from 004b0000 to 004d2000 1/34 blacklisted

***Free blocks:
Free list 1 (total size 8192):
	004a0000 size 4096 start black listed
	0049b000 size 4096 not black listed
Free list 2 (total size 8192):
	0043e000 size 8192 not black listed
Free list 3 (total size 24576):
	00491000 size 12288 not black listed
	00496000 size 12288 not black listed
Free list 5 (total size 20480):
	00433000 size 20480 not black listed
Free list 23 (total size 94208):
	004bb000 size 94208 not black listed
GC_large_free_bytes: 155648

***Blocks in use:
(kind(0=ptrfree,1=normal,2=unc.):size_in_bytes, #_marks_set)
(1:8,5)
(1:8,2)
(1:8,2)
(1:8,2)
(1:8,4)
(1:8,2)
(1:8,2)
(1:8,2)
(1:8,2)
(1:8,2)
(1:8,2)
(1:8,2)
(1:8,2)
(1:8,1)
(1:8,1)
(1:8,5)
(1:8,1)
(1:8,2)
(1:8,1)
(0:4096,1)
(1:8,5)
(1:8,2)
(1:8,1)
(1:24,0)
(1:8,5)
(1:8,1)
(1:16,3)
(1:80,1)
(1:8,10)
blocks= 29, bytes= 118784
***Static roots:
From 00404000 to 00405000 (temporary)
From 63414000 to 63415000 (temporary)
From 6341e000 to 6342e000 (temporary)
From 63435000 to 6343f000 (temporary)
From 63444000 to 63447000 (temporary)
From 6344b000 to 6344c000 (temporary)
From 63c85000 to 63c86000 (temporary)
From 63c87000 to 63c88000 (temporary)
From 6bdc5000 to 6bdc6000 (temporary)
From 6bdc7000 to 6bdc8000 (temporary)
From 6e956000 to 6e957000 (temporary)
From 6e95c000 to 6e95d000 (temporary)
From 6e95e000 to 6e95f000 (temporary)
From 74fd4000 to 74fd5000 (temporary)
From 7502e000 to 7502f000 (temporary)
From 75032000 to 75033000 (temporary)
From 75079000 to 7507b000 (temporary)
From 75099000 to 7509a000 (temporary)
From 750d0000 to 750d1000 (temporary)
From 753f3000 to 753f4000 (temporary)
From 75461000 to 75463000 (temporary)
From 75964000 to 75965000 (temporary)
From 75a80000 to 75a81000 (temporary)
From 75db4000 to 75db5000 (temporary)
From 75ef0000 to 75ef1000 (temporary)
From 75f50000 to 75f51000 (temporary)
From 75fe0000 to 75fe1000 (temporary)
From 760e0000 to 760e1000 (temporary)
From 760e2000 to 760e7000 (temporary)
From 76187000 to 76188000 (temporary)
From 7634c000 to 7634e000 (temporary)
From 76450000 to 76451000 (temporary)
From 775c2000 to 775c3000 (temporary)
From 775c4000 to 775c5000 (temporary)
From 775c7000 to 775c8000 (temporary)
From 775c9000 to 775cb000 (temporary)
From 77770000 to 77771000 (temporary)
From 77772000 to 77773000 (temporary)
From 77774000 to 77777000 (temporary)
GC_root_size: 307200

***Heap sections:
Total heap size: 274432
Section 0 from 00430000 to 00440000 0/16 blacklisted
Section 1 from 00490000 to 004a1000 2/17 blacklisted
Section 2 from 004b0000 to 004d2000 1/34 blacklisted

***Free blocks:
Free list 1 (total size 4096):
	004a0000 size 4096 start black listed
Free list 23 (total size 94208):
	004bb000 size 94208 not black listed
GC_large_free_bytes: 98304

***Blocks in use:
(kind(0=ptrfree,1=normal,2=unc.):size_in_bytes, #_marks_set)
(1:8,46)
(1:8,12)
(1:8,5)
(1:8,2)
(1:8,2)
(1:8,2)
(1:8,2)
(1:8,2)
(1:8,2)
(1:8,2)
(1:8,2)
(1:8,2)
(1:8,2)
(1:8,1)
(1:8,2)
(1:8,5)
(1:8,5)
(1:8,2)
(1:8,1)
(1:8,2)
(1:8,5)
(1:8,2)
(1:8,1)
(1:24,0)
(1:8,5)
(1:8,2)
(0:4096,1)
(1:8,1)
(1:8,5)
(1:8,2)
(1:8,1)
(1:8,5)
(1:8,5)
(1:8,2)
(1:8,1)
(1:8,1)
(1:8,5)
(1:8,2)
(1:8,1)
(1:8,2)
(1:16,3)
(1:80,1)
(1:8,25)
blocks= 43, bytes= 176128
***Static roots:
From 00404000 to 00405000 (temporary)
From 63414000 to 63415000 (temporary)
From 6341e000 to 6342e000 (temporary)
From 63435000 to 6343f000 (temporary)
From 63444000 to 63447000 (temporary)
From 6344b000 to 6344c000 (temporary)
From 63c85000 to 63c86000 (temporary)
From 63c87000 to 63c88000 (temporary)
From 6bdc5000 to 6bdc6000 (temporary)
From 6bdc7000 to 6bdc8000 (temporary)
From 6e956000 to 6e957000 (temporary)
From 6e95c000 to 6e95d000 (temporary)
From 6e95e000 to 6e95f000 (temporary)
From 74fd4000 to 74fd5000 (temporary)
From 7502e000 to 7502f000 (temporary)
From 75032000 to 75033000 (temporary)
From 75079000 to 7507b000 (temporary)
From 75099000 to 7509a000 (temporary)
From 750d0000 to 750d1000 (temporary)
From 753f3000 to 753f4000 (temporary)
From 75461000 to 75463000 (temporary)
From 75964000 to 75965000 (temporary)
From 75a80000 to 75a81000 (temporary)
From 75db4000 to 75db5000 (temporary)
From 75ef0000 to 75ef1000 (temporary)
From 75f50000 to 75f51000 (temporary)
From 75fe0000 to 75fe1000 (temporary)
From 760e0000 to 760e1000 (temporary)
From 760e2000 to 760e7000 (temporary)
From 76187000 to 76188000 (temporary)
From 7634c000 to 7634e000 (temporary)
From 76450000 to 76451000 (temporary)
From 775c2000 to 775c3000 (temporary)
From 775c4000 to 775c5000 (temporary)
From 775c7000 to 775c8000 (temporary)
From 775c9000 to 775cb000 (temporary)
From 77770000 to 77771000 (temporary)
From 77772000 to 77773000 (temporary)
From 77774000 to 77777000 (temporary)
GC_root_size: 307200

***Heap sections:
Total heap size: 274432
Section 0 from 00430000 to 00440000 0/16 blacklisted
Section 1 from 00490000 to 004a1000 2/17 blacklisted
Section 2 from 004b0000 to 004d2000 1/34 blacklisted

***Free blocks:
Free list 1 (total size 24576):
	0043a000 size 4096 not black listed
	0043f000 size 4096 not black listed
	00497000 size 4096 not black listed
	0049b000 size 4096 not black listed
	004a0000 size 4096 start black listed
	00493000 size 4096 not black listed
Free list 2 (total size 8192):
	00433000 size 8192 not black listed
Free list 23 (total size 94208):
	004bb000 size 94208 not black listed
GC_large_free_bytes: 126976

***Blocks in use:
(kind(0=ptrfree,1=normal,2=unc.):size_in_bytes, #_marks_set)
(1:8,7)
(1:8,4)
(1:8,3)
(1:8,2)
(1:8,2)
(1:8,2)
(1:8,2)
(1:8,2)
(1:8,2)
(1:8,2)
(1:8,2)
(1:8,2)
(1:8,2)
(1:8,1)
(1:8,2)
(1:8,5)
(1:8,2)
(1:8,1)
(1:8,5)
(1:8,2)
(1:8,1)
(1:8,5)
(1:8,2)
(0:4096,1)
(1:8,5)
(1:8,2)
(1:8,1)
(1:8,1)
(1:8,2)
(1:24,0)
(1:8,5)
(1:8,2)
(1:8,1)
(1:16,3)
(1:80,1)
(1:8,14)
blocks= 36, bytes= 147456
